Using pre-set license
Built from '2020.3/staging' branch; Version is '2020.3.16f1 (049d6eca3c44) revision 302446'; Using compiler version '192528614'; Build Type 'Release'
OS: 'Windows 10 Pro; OS build 19042.1348; Version 2009; 64bit' Language: 'es' Physical Memory: 14284 MB
BatchMode: 1, IsHumanControllingUs: 0, StartBugReporterOnCrash: 0, Is64bit: 1, IsPro: 0

 COMMAND LINE ARGUMENTS:
C:\Program Files\Unity\Hub\Editor\2020.3.16f1\Editor\Unity.exe
-adb2
-batchMode
-noUpm
-name
AssetImportWorker0
-projectPath
C:/Users/PC/Documents/GitHub/interplanetary
-logFile
Logs/AssetImportWorker0.log
-srvPort
53783
Successfully changed project path to: C:/Users/PC/Documents/GitHub/interplanetary
C:/Users/PC/Documents/GitHub/interplanetary
Using Asset Import Pipeline V2.
Refreshing native plugins compatible for Editor in 86.90 ms, found 3 plugins.
Preloading 0 native plugins for Editor in 0.00 ms.
Initialize engine version: 2020.3.16f1 (049d6eca3c44)
[Subsystems] Discovering subsystems at path C:/Program Files/Unity/Hub/Editor/2020.3.16f1/Editor/Data/Resources/UnitySubsystems
[Subsystems] Discovering subsystems at path C:/Users/PC/Documents/GitHub/interplanetary/Assets
GfxDevice: creating device client; threaded=0
Direct3D:
    Version:  Direct3D 11.0 [level 11.1]
    Renderer: AMD Radeon(TM) RX Vega 11 Graphics (ID=0x15dd)
    Vendor:   
    VRAM:     7142 MB
    Driver:   27.20.1034.6
Initialize mono
Mono path[0] = 'C:/Program Files/Unity/Hub/Editor/2020.3.16f1/Editor/Data/Managed'
Mono path[1] = 'C:/Program Files/Unity/Hub/Editor/2020.3.16f1/Editor/Data/MonoBleedingEdge/lib/mono/unityjit'
Mono config path = 'C:/Program Files/Unity/Hub/Editor/2020.3.16f1/Editor/Data/MonoBleedingEdge/etc'
Using monoOptions --debugger-agent=transport=dt_socket,embedding=1,server=y,suspend=n,address=127.0.0.1:56764
Begin MonoManager ReloadAssembly
Registering precompiled unity dll's ...
Register platform support module: C:/Program Files/Unity/Hub/Editor/2020.3.16f1/Editor/Data/PlaybackEngines/WindowsStandaloneSupport/UnityEditor.WindowsStandalone.Extensions.dll
Registered in 0.002951 seconds.
Native extension for WindowsStandalone target not found
Refreshing native plugins compatible for Editor in 80.21 ms, found 3 plugins.
Preloading 0 native plugins for Editor in 0.00 ms.
Mono: successfully reloaded assembly
- Completed reload, in  1.544 seconds
Domain Reload Profiling:
	ReloadAssembly (1544ms)
		BeginReloadAssembly (75ms)
			ExecutionOrderSort (0ms)
			DisableScriptedObjects (0ms)
			BackupInstance (0ms)
			ReleaseScriptingObjects (0ms)
			CreateAndSetChildDomain (1ms)
		EndReloadAssembly (593ms)
			LoadAssemblies (71ms)
			RebuildTransferFunctionScriptingTraits (0ms)
			SetupTypeCache (210ms)
			ReleaseScriptCaches (0ms)
			RebuildScriptCaches (39ms)
			SetupLoadedEditorAssemblies (253ms)
				LogAssemblyErrors (0ms)
				InitializePlatformSupportModulesInManaged (5ms)
				SetLoadedEditorAssemblies (0ms)
				RefreshPlugins (80ms)
				BeforeProcessingInitializeOnLoad (12ms)
				ProcessInitializeOnLoadAttributes (117ms)
				ProcessInitializeOnLoadMethodAttributes (38ms)
				AfterProcessingInitializeOnLoad (0ms)
				EditorAssembliesLoaded (0ms)
			ExecutionOrderSort2 (0ms)
			AwakeInstancesAfterBackupRestoration (0ms)
Platform modules already initialized, skipping
Registering precompiled user dll's ...
Registered in 0.011703 seconds.
Begin MonoManager ReloadAssembly
Native extension for WindowsStandalone target not found
Refreshing native plugins compatible for Editor in 82.26 ms, found 3 plugins.
Preloading 0 native plugins for Editor in 0.00 ms.
Mono: successfully reloaded assembly
- Completed reload, in  3.019 seconds
Domain Reload Profiling:
	ReloadAssembly (3020ms)
		BeginReloadAssembly (195ms)
			ExecutionOrderSort (0ms)
			DisableScriptedObjects (7ms)
			BackupInstance (0ms)
			ReleaseScriptingObjects (0ms)
			CreateAndSetChildDomain (24ms)
		EndReloadAssembly (2732ms)
			LoadAssemblies (134ms)
			RebuildTransferFunctionScriptingTraits (0ms)
			SetupTypeCache (471ms)
			ReleaseScriptCaches (1ms)
			RebuildScriptCaches (72ms)
			SetupLoadedEditorAssemblies (1886ms)
				LogAssemblyErrors (0ms)
				InitializePlatformSupportModulesInManaged (5ms)
				SetLoadedEditorAssemblies (0ms)
				RefreshPlugins (82ms)
				BeforeProcessingInitializeOnLoad (114ms)
				ProcessInitializeOnLoadAttributes (1669ms)
				ProcessInitializeOnLoadMethodAttributes (6ms)
				AfterProcessingInitializeOnLoad (9ms)
				EditorAssembliesLoaded (0ms)
			ExecutionOrderSort2 (0ms)
			AwakeInstancesAfterBackupRestoration (8ms)
Platform modules already initialized, skipping
========================================================================
Worker process is ready to serve import requests
Launched and connected shader compiler UnityShaderCompiler.exe after 0.09 seconds
Refreshing native plugins compatible for Editor in 1.31 ms, found 3 plugins.
Preloading 0 native plugins for Editor in 0.00 ms.
Unloading 2758 Unused Serialized files (Serialized files now loaded: 0)
System memory in use before: 129.1 MB.
System memory in use after: 129.2 MB.

Unloading 34 unused Assets to reduce memory usage. Loaded Objects now: 3187.
Total: 7.656100 ms (FindLiveObjects: 0.588400 ms CreateObjectMapping: 0.192000 ms MarkObjects: 6.665700 ms  DeleteObjects: 0.207500 ms)

AssetImportParameters requested are different than current active one (requested -> active):
  custom:framework-win-MediaFoundation: 216162199b28c13a410421893ffa2e32 -> 
  custom:video-decoder-ogg-theora: a1e56fd34408186e4bbccfd4996cb3dc -> 
  custom:container-muxer-webm: aa71ff27fc2769a1b78a27578f13a17b -> 
  custom:container-demuxer-webm: 4f35f7cbe854078d1ac9338744f61a02 -> 
  custom:container-demuxer-ogg: 62fdf1f143b41e24485cea50d1cbac27 -> 
  custom:video-encoder-webm-vp8: eb34c28f22e8b96e1ab97ce403110664 -> 
  custom:video-decoder-webm-vp8: 9c59270c3fd7afecdb556c50c9e8de78 -> 
  custom:audio-decoder-ogg-vorbis: bf7c407c2cedff20999df2af8eb42d56 -> 
  custom:audio-encoder-webm-vorbis: bf7c407c2cedff20999df2af8eb42d56 -> 
========================================================================
Received Import Request.
  path: Assets/User Created/scenes
  artifactKey: Guid(132eaaa40bd0550418d4bed2af8fa9f0) Importer(815301076,1909f56bfc062723c751e8b465ee728b)
Start importing Assets/User Created/scenes using Guid(132eaaa40bd0550418d4bed2af8fa9f0) Importer(815301076,1909f56bfc062723c751e8b465ee728b)  -> (artifact id: 'ed94b3c786f0c010b0eacba7166a90db') in 0.017953 seconds 
  Import took 0.025173 seconds .

========================================================================
Received Import Request.
  Time since last request: 9.648913 seconds.
  path: Assets/User Created/scenes/Level 3.unity
  artifactKey: Guid(9cdbdf67f30596b4c948ac4ee53743ae) Importer(815301076,1909f56bfc062723c751e8b465ee728b)
Start importing Assets/User Created/scenes/Level 3.unity using Guid(9cdbdf67f30596b4c948ac4ee53743ae) Importer(815301076,1909f56bfc062723c751e8b465ee728b)  -> (artifact id: '13c7cb8bd1ad7521555932c6b746f2fe') in 0.015270 seconds 
  Import took 0.021749 seconds .

========================================================================
Received Import Request.
  Time since last request: 16.827589 seconds.
  path: Assets/User Created/scenes/Level 2.unity
  artifactKey: Guid(ea70787a9b9aa4e459407c8e75a31d24) Importer(815301076,1909f56bfc062723c751e8b465ee728b)
Start importing Assets/User Created/scenes/Level 2.unity using Guid(ea70787a9b9aa4e459407c8e75a31d24) Importer(815301076,1909f56bfc062723c751e8b465ee728b)  -> (artifact id: '3276220f050814e8cfc40634b7bb495d') in 0.010035 seconds 
  Import took 0.017185 seconds .

========================================================================
Received Import Request.
  Time since last request: 14.061384 seconds.
  path: Assets/User Created/scenes/Props
  artifactKey: Guid(f704b5ff42b014949a6bfe533b946635) Importer(815301076,1909f56bfc062723c751e8b465ee728b)
Start importing Assets/User Created/scenes/Props using Guid(f704b5ff42b014949a6bfe533b946635) Importer(815301076,1909f56bfc062723c751e8b465ee728b)  -> (artifact id: 'dec643500d813dfa4f19da929c1b1e64') in 0.009633 seconds 
  Import took 0.016847 seconds .

========================================================================
Received Import Request.
  Time since last request: 0.004796 seconds.
  path: Assets/User Created/scenes/Props/Palm_tree_final.fbx
  artifactKey: Guid(3de4f62b2e588cb479542a166787ec0a) Importer(815301076,1909f56bfc062723c751e8b465ee728b)
Start importing Assets/User Created/scenes/Props/Palm_tree_final.fbx using Guid(3de4f62b2e588cb479542a166787ec0a) Importer(815301076,1909f56bfc062723c751e8b465ee728b)  -> (artifact id: '8f78f433cab140b449893e8b604c917b') in 0.349635 seconds 
  Import took 0.355477 seconds .

========================================================================
Received Import Request.
  Time since last request: 59.493738 seconds.
  path: Assets/User Created/scenes/Props/Materiales 1
  artifactKey: Guid(a2150ea9e6e67854582011274c4da2f4) Importer(815301076,1909f56bfc062723c751e8b465ee728b)
Start importing Assets/User Created/scenes/Props/Materiales 1 using Guid(a2150ea9e6e67854582011274c4da2f4) Importer(815301076,1909f56bfc062723c751e8b465ee728b)  -> (artifact id: '584d7e586a1af18f32e51d502f613078') in 0.010983 seconds 
  Import took 0.016071 seconds .

========================================================================
Received Import Request.
  Time since last request: 9.260681 seconds.
  path: Assets/User Created/scenes/Props/Materiales
  artifactKey: Guid(ced64bd54de9e4049b2331225e94391a) Importer(815301076,1909f56bfc062723c751e8b465ee728b)
Start importing Assets/User Created/scenes/Props/Materiales using Guid(ced64bd54de9e4049b2331225e94391a) Importer(815301076,1909f56bfc062723c751e8b465ee728b)  -> (artifact id: 'aa9eca43cbb8dbeea7a3ccdb40512945') in 0.010607 seconds 
  Import took 0.017365 seconds .

========================================================================
Received Import Request.
  Time since last request: 7.437140 seconds.
  path: Assets/User Created/scenes/Props/Materiales/Emission luz celeste.mat
  artifactKey: Guid(be0e6a675ce4663428bee214203bf53b) Importer(815301076,1909f56bfc062723c751e8b465ee728b)
Start importing Assets/User Created/scenes/Props/Materiales/Emission luz celeste.mat using Guid(be0e6a675ce4663428bee214203bf53b) Importer(815301076,1909f56bfc062723c751e8b465ee728b)  -> (artifact id: '5ee816021b8e4c72039da46eb25d28ad') in 0.031127 seconds 
  Import took 0.038006 seconds .

========================================================================
Received Import Request.
  Time since last request: 0.000295 seconds.
  path: Assets/User Created/scenes/Props/Materiales/New Material.mat
  artifactKey: Guid(752e2331e6b4c4c4b8b43953cb323600) Importer(815301076,1909f56bfc062723c751e8b465ee728b)
Start importing Assets/User Created/scenes/Props/Materiales/New Material.mat using Guid(752e2331e6b4c4c4b8b43953cb323600) Importer(815301076,1909f56bfc062723c751e8b465ee728b)  -> (artifact id: '7fe731348e6b4f68cef43d96a46a7fd8') in 0.034847 seconds 
  Import took 0.041498 seconds .

========================================================================
Received Import Request.
  Time since last request: 0.000262 seconds.
  path: Assets/User Created/scenes/Props/Materiales/Emission luz celeste.mat
  artifactKey: Guid(be0e6a675ce4663428bee214203bf53b) Importer(815301076,1909f56bfc062723c751e8b465ee728b)
Start importing Assets/User Created/scenes/Props/Materiales/Emission luz celeste.mat using Guid(be0e6a675ce4663428bee214203bf53b) Importer(815301076,1909f56bfc062723c751e8b465ee728b)  -> (artifact id: '5ee816021b8e4c72039da46eb25d28ad') in 0.014557 seconds 
  Import took 0.020172 seconds .

========================================================================
Received Import Request.
  Time since last request: 0.000271 seconds.
  path: Assets/User Created/scenes/Props/Materiales/New Material.mat
  artifactKey: Guid(752e2331e6b4c4c4b8b43953cb323600) Importer(815301076,1909f56bfc062723c751e8b465ee728b)
Start importing Assets/User Created/scenes/Props/Materiales/New Material.mat using Guid(752e2331e6b4c4c4b8b43953cb323600) Importer(815301076,1909f56bfc062723c751e8b465ee728b)  -> (artifact id: '7fe731348e6b4f68cef43d96a46a7fd8') in 0.017738 seconds 
  Import took 0.025431 seconds .

========================================================================
Received Import Request.
  Time since last request: 39.578197 seconds.
  path: Assets/User Created/scenes/Props/City.obj
  artifactKey: Guid(086f4fc3487786144a9c3b4917e00fc0) Importer(815301076,1909f56bfc062723c751e8b465ee728b)
Start importing Assets/User Created/scenes/Props/City.obj using Guid(086f4fc3487786144a9c3b4917e00fc0) Importer(815301076,1909f56bfc062723c751e8b465ee728b)  -> (artifact id: 'cb6e7898bfe7acf39328fbca3600ff8b') in 0.052749 seconds 
  Import took 0.059701 seconds .

========================================================================
Received Import Request.
  Time since last request: 0.000323 seconds.
  path: Assets/User Created/scenes/Props/Palm_tree_final 1.fbx
  artifactKey: Guid(c0dc66411bf230c41b1ea5ba76cc24a9) Importer(815301076,1909f56bfc062723c751e8b465ee728b)
Start importing Assets/User Created/scenes/Props/Palm_tree_final 1.fbx using Guid(c0dc66411bf230c41b1ea5ba76cc24a9) Importer(815301076,1909f56bfc062723c751e8b465ee728b)  -> (artifact id: 'adeead094c34937587e6ded1a70b902e') in 0.155161 seconds 
  Import took 0.160827 seconds .

========================================================================
Received Import Request.
  Time since last request: 0.000233 seconds.
  path: Assets/User Created/scenes/Props/wooden_floor.fbx
  artifactKey: Guid(4a2e3a303b83ee34e94dea37126b111d) Importer(815301076,1909f56bfc062723c751e8b465ee728b)
Start importing Assets/User Created/scenes/Props/wooden_floor.fbx using Guid(4a2e3a303b83ee34e94dea37126b111d) Importer(815301076,1909f56bfc062723c751e8b465ee728b)  -> (artifact id: '9d3bf7d30244b47bafc52fcb5a801ffe') in 0.111209 seconds 
  Import took 0.116396 seconds .

========================================================================
Received Import Request.
  Time since last request: 0.000266 seconds.
  path: Assets/User Created/scenes/Props/d8bffc4dfea24677982c4a8726e9393b.fbx.fbx
  artifactKey: Guid(d768538da922ca34b826ecc3fd78982a) Importer(815301076,1909f56bfc062723c751e8b465ee728b)
Start importing Assets/User Created/scenes/Props/d8bffc4dfea24677982c4a8726e9393b.fbx.fbx using Guid(d768538da922ca34b826ecc3fd78982a) Importer(815301076,1909f56bfc062723c751e8b465ee728b)  -> (artifact id: 'a9e4095872774a6d5254d0a770a12b35') in 0.603299 seconds 
  Import took 0.610183 seconds .

========================================================================
Received Import Request.
  Time since last request: 0.000350 seconds.
  path: Assets/User Created/scenes/Props/iGAME COLOR.fbx
  artifactKey: Guid(25f4cac5f6c03dd4c9c65c104108ca92) Importer(815301076,1909f56bfc062723c751e8b465ee728b)
Start importing Assets/User Created/scenes/Props/iGAME COLOR.fbx using Guid(25f4cac5f6c03dd4c9c65c104108ca92) Importer(815301076,1909f56bfc062723c751e8b465ee728b)  -> (artifact id: 'd9804bdfad946773794ac42bc520ba2d') in 0.064864 seconds 
  Import took 0.071624 seconds .

========================================================================
Received Import Request.
  Time since last request: 0.000253 seconds.
  path: Assets/User Created/scenes/Props/neonSunMoon_anim.fbx
  artifactKey: Guid(4dad5a17e06151749a632f5c83e2d29a) Importer(815301076,1909f56bfc062723c751e8b465ee728b)
Start importing Assets/User Created/scenes/Props/neonSunMoon_anim.fbx using Guid(4dad5a17e06151749a632f5c83e2d29a) Importer(815301076,1909f56bfc062723c751e8b465ee728b)  -> (artifact id: '011f9e848853621e6fc19ace1a6dae83') in 0.150528 seconds 
  Import took 0.156049 seconds .

========================================================================
Received Import Request.
  Time since last request: 0.000349 seconds.
  path: Assets/User Created/scenes/Props/Holo_Final.obj
  artifactKey: Guid(24a1b3e61a6b59844a1c4f51bbf17c41) Importer(815301076,1909f56bfc062723c751e8b465ee728b)
Start importing Assets/User Created/scenes/Props/Holo_Final.obj using Guid(24a1b3e61a6b59844a1c4f51bbf17c41) Importer(815301076,1909f56bfc062723c751e8b465ee728b)  -> (artifact id: 'bfa2964ca2b6c7d19c66c2002fb4e435') in 0.069036 seconds 
  Import took 0.074920 seconds .

========================================================================
Received Import Request.
  Time since last request: 0.000208 seconds.
  path: Assets/User Created/scenes/Props/SKOL.obj
  artifactKey: Guid(4c379fe32b97e1e4ab28ee2266cf4dbf) Importer(815301076,1909f56bfc062723c751e8b465ee728b)
Start importing Assets/User Created/scenes/Props/SKOL.obj using Guid(4c379fe32b97e1e4ab28ee2266cf4dbf) Importer(815301076,1909f56bfc062723c751e8b465ee728b)  -> (artifact id: '0724621fb5529f0ccf43a9e65f50aec1') in 0.123871 seconds 
  Import took 0.134133 seconds .

========================================================================
Received Import Request.
  Time since last request: 661.967931 seconds.
  path: Assets/User Created/scenes/Props/Materiales/Emission luz celeste.mat
  artifactKey: Guid(be0e6a675ce4663428bee214203bf53b) Importer(815301076,1909f56bfc062723c751e8b465ee728b)
Start importing Assets/User Created/scenes/Props/Materiales/Emission luz celeste.mat using Guid(be0e6a675ce4663428bee214203bf53b) Importer(815301076,1909f56bfc062723c751e8b465ee728b)  -> (artifact id: 'fdda154eed8490d7fd7cbd18cb001a0a') in 0.020875 seconds 
  Import took 0.027081 seconds .

========================================================================
Received Import Request.
  Time since last request: 4.343185 seconds.
  path: Assets/User Created/scenes/Props/Materiales/Gamepad
  artifactKey: Guid(b3f32186a40c53148b8360103b607698) Importer(815301076,1909f56bfc062723c751e8b465ee728b)
Start importing Assets/User Created/scenes/Props/Materiales/Gamepad using Guid(b3f32186a40c53148b8360103b607698) Importer(815301076,1909f56bfc062723c751e8b465ee728b)  -> (artifact id: '88e1009cdfa3b869e611fcd28a8d90f2') in 0.010618 seconds 
  Import took 0.016241 seconds .

========================================================================
Received Import Request.
  Time since last request: 0.879836 seconds.
  path: Assets/User Created/scenes/Props/Materiales/Robot
  artifactKey: Guid(0d92cd644c960e847b02ff9c597939f6) Importer(815301076,1909f56bfc062723c751e8b465ee728b)
Start importing Assets/User Created/scenes/Props/Materiales/Robot using Guid(0d92cd644c960e847b02ff9c597939f6) Importer(815301076,1909f56bfc062723c751e8b465ee728b)  -> (artifact id: '17f395da5cf58ecad57eabd35bb7f1d3') in 0.010198 seconds 
  Import took 0.016601 seconds .

========================================================================
Received Import Request.
  Time since last request: 17.878590 seconds.
  path: Assets/User Created/scenes/Props/Materiales 1
  artifactKey: Guid(9d6abce5b70dd384c9886f7a325c0d10) Importer(815301076,1909f56bfc062723c751e8b465ee728b)
Start importing Assets/User Created/scenes/Props/Materiales 1 using Guid(9d6abce5b70dd384c9886f7a325c0d10) Importer(815301076,1909f56bfc062723c751e8b465ee728b)  -> (artifact id: 'ece479f281920a39d5fa32e2f524fb69') in 0.006184 seconds 
  Import took 0.011582 seconds .

========================================================================
Received Import Request.
  Time since last request: 724.087431 seconds.
  path: Assets/User Created/scenes/Props/Materiales/Emission luz celeste.mat
  artifactKey: Guid(be0e6a675ce4663428bee214203bf53b) Importer(815301076,1909f56bfc062723c751e8b465ee728b)
Start importing Assets/User Created/scenes/Props/Materiales/Emission luz celeste.mat using Guid(be0e6a675ce4663428bee214203bf53b) Importer(815301076,1909f56bfc062723c751e8b465ee728b)  -> (artifact id: '8dd4b711e4d227728a2ead05906e17f1') in 0.017785 seconds 
  Import took 0.023378 seconds .

========================================================================
Received Import Request.
  Time since last request: 223.491887 seconds.
  path: Assets/User Created/scenes/Props/Materiales/Robot/Back.jpg
  artifactKey: Guid(c5a244a26e09c1e458f6d3dcc2a43f6a) Importer(815301076,1909f56bfc062723c751e8b465ee728b)
Start importing Assets/User Created/scenes/Props/Materiales/Robot/Back.jpg using Guid(c5a244a26e09c1e458f6d3dcc2a43f6a) Importer(815301076,1909f56bfc062723c751e8b465ee728b)  -> (artifact id: '6809ef5a3bd4830cf5689cf97a7446ef') in 0.027279 seconds 
  Import took 0.032791 seconds .

========================================================================
Received Import Request.
  Time since last request: 0.000207 seconds.
  path: Assets/User Created/scenes/Props/Materiales/Robot/Front.jpg
  artifactKey: Guid(a309103994c342c44a17b93469abf937) Importer(815301076,1909f56bfc062723c751e8b465ee728b)
Start importing Assets/User Created/scenes/Props/Materiales/Robot/Front.jpg using Guid(a309103994c342c44a17b93469abf937) Importer(815301076,1909f56bfc062723c751e8b465ee728b)  -> (artifact id: 'd398995aebb92e28cc4773e2ec6fd229') in 0.017892 seconds 
  Import took 0.023860 seconds .

========================================================================
Received Import Request.
  Time since last request: 0.000339 seconds.
  path: Assets/User Created/scenes/Props/Materiales/Robot/New Material 2.mat
  artifactKey: Guid(03daa58e87f2a3c439f9683a4fea6933) Importer(815301076,1909f56bfc062723c751e8b465ee728b)
Start importing Assets/User Created/scenes/Props/Materiales/Robot/New Material 2.mat using Guid(03daa58e87f2a3c439f9683a4fea6933) Importer(815301076,1909f56bfc062723c751e8b465ee728b)  -> (artifact id: 'a1235d74ea6e2476fa3c28c10549e8b2') in 0.020634 seconds 
  Import took 0.025951 seconds .

========================================================================
Received Import Request.
  Time since last request: 0.000531 seconds.
  path: Assets/User Created/scenes/Props/Materiales/Robot/New Material 1.mat
  artifactKey: Guid(bc5174ba3c41bb646a80cae129f1ade6) Importer(815301076,1909f56bfc062723c751e8b465ee728b)
Start importing Assets/User Created/scenes/Props/Materiales/Robot/New Material 1.mat using Guid(bc5174ba3c41bb646a80cae129f1ade6) Importer(815301076,1909f56bfc062723c751e8b465ee728b)  -> (artifact id: 'b0a466f29d689347975b56242a0d89bb') in 0.020468 seconds 
  Import took 0.027140 seconds .

========================================================================
Received Import Request.
  Time since last request: 447.710048 seconds.
  path: Assets/User Created/scenes/Props/Materiales/Gamepad/Gameboy_Triangular_Albedo.jpg
  artifactKey: Guid(937c07a97daeeb54d8f71fb9712cd34d) Importer(815301076,1909f56bfc062723c751e8b465ee728b)
Start importing Assets/User Created/scenes/Props/Materiales/Gamepad/Gameboy_Triangular_Albedo.jpg using Guid(937c07a97daeeb54d8f71fb9712cd34d) Importer(815301076,1909f56bfc062723c751e8b465ee728b)  -> (artifact id: '4b57f0b57835f3f00b78d1d5b269b7ce') in 0.017463 seconds 
  Import took 0.023505 seconds .

========================================================================
Received Import Request.
  Time since last request: 0.000190 seconds.
  path: Assets/User Created/scenes/Props/Materiales/Gamepad/Gameboy_Triangular_Metallic.jpg
  artifactKey: Guid(291aa0e7e4bb254458826236f76809be) Importer(815301076,1909f56bfc062723c751e8b465ee728b)
Start importing Assets/User Created/scenes/Props/Materiales/Gamepad/Gameboy_Triangular_Metallic.jpg using Guid(291aa0e7e4bb254458826236f76809be) Importer(815301076,1909f56bfc062723c751e8b465ee728b)  -> (artifact id: '171e279ab23c87687ae923ad56556522') in 0.019899 seconds 
  Import took 0.025427 seconds .

========================================================================
Received Import Request.
  Time since last request: 0.000356 seconds.
  path: Assets/User Created/scenes/Props/Materiales/Gamepad/Gameboy_Triangular_Normal.jpg
  artifactKey: Guid(155f1595b2cb8dd4d9c987cf7b273009) Importer(815301076,1909f56bfc062723c751e8b465ee728b)
Start importing Assets/User Created/scenes/Props/Materiales/Gamepad/Gameboy_Triangular_Normal.jpg using Guid(155f1595b2cb8dd4d9c987cf7b273009) Importer(815301076,1909f56bfc062723c751e8b465ee728b)  -> (artifact id: 'd72593cd0e70b66e94869fa95e7a378a') in 0.018024 seconds 
  Import took 0.023402 seconds .

========================================================================
Received Import Request.
  Time since last request: 0.000204 seconds.
  path: Assets/User Created/scenes/Props/Materiales/Gamepad/New Material.mat
  artifactKey: Guid(c87d4df0b425d274b819d2d53c09d2fc) Importer(815301076,1909f56bfc062723c751e8b465ee728b)
Start importing Assets/User Created/scenes/Props/Materiales/Gamepad/New Material.mat using Guid(c87d4df0b425d274b819d2d53c09d2fc) Importer(815301076,1909f56bfc062723c751e8b465ee728b)  -> (artifact id: 'fd16046d2217bc5d0dbd114dc87ce5e5') in 0.324989 seconds 
  Import took 0.331045 seconds .

========================================================================
Received Import Request.
  Time since last request: 0.000230 seconds.
  path: Assets/User Created/scenes/Props/Materiales/Gamepad/internal_ground_ao_texture.jpeg
  artifactKey: Guid(8c3522ca7ad246d49a94a2b131256882) Importer(815301076,1909f56bfc062723c751e8b465ee728b)
Start importing Assets/User Created/scenes/Props/Materiales/Gamepad/internal_ground_ao_texture.jpeg using Guid(8c3522ca7ad246d49a94a2b131256882) Importer(815301076,1909f56bfc062723c751e8b465ee728b)  -> (artifact id: '29e0761266e517c59d932ba67830f96f') in 0.025281 seconds 
  Import took 0.031039 seconds .

========================================================================
Received Import Request.
  Time since last request: 0.000250 seconds.
  path: Assets/User Created/scenes/Props/Materiales/Gamepad/New Material 1.mat
  artifactKey: Guid(f57ce4c07c5c58a4e8eee77f5fc2459b) Importer(815301076,1909f56bfc062723c751e8b465ee728b)
Start importing Assets/User Created/scenes/Props/Materiales/Gamepad/New Material 1.mat using Guid(f57ce4c07c5c58a4e8eee77f5fc2459b) Importer(815301076,1909f56bfc062723c751e8b465ee728b)  -> (artifact id: '8fd2ea1315b80d515172412338918082') in 0.264594 seconds 
  Import took 0.270473 seconds .

========================================================================
Received Import Request.
  Time since last request: 0.000219 seconds.
  path: Assets/User Created/scenes/Props/Materiales/Gamepad/Gameboy_Triangular_AO.jpg
  artifactKey: Guid(edaae4c4dabcb3246934de63f971f43b) Importer(815301076,1909f56bfc062723c751e8b465ee728b)
Start importing Assets/User Created/scenes/Props/Materiales/Gamepad/Gameboy_Triangular_AO.jpg using Guid(edaae4c4dabcb3246934de63f971f43b) Importer(815301076,1909f56bfc062723c751e8b465ee728b)  -> (artifact id: '945ca9420421a99bede1f2f16bbf2d6b') in 0.020298 seconds 
  Import took 0.025807 seconds .

========================================================================
Received Import Request.
  Time since last request: 0.000217 seconds.
  path: Assets/User Created/scenes/Props/Materiales/Gamepad/Neo_Gameboy_Triangular_Transparency.jpg
  artifactKey: Guid(cff8a5b14e4f3a24fbd2ed2dcf9eae37) Importer(815301076,1909f56bfc062723c751e8b465ee728b)
Start importing Assets/User Created/scenes/Props/Materiales/Gamepad/Neo_Gameboy_Triangular_Transparency.jpg using Guid(cff8a5b14e4f3a24fbd2ed2dcf9eae37) Importer(815301076,1909f56bfc062723c751e8b465ee728b)  -> (artifact id: '1433e1619cde5b7ec88f6951e7807389') in 0.018146 seconds 
  Import took 0.024275 seconds .

========================================================================
Received Import Request.
  Time since last request: 0.000271 seconds.
  path: Assets/User Created/scenes/Props/Materiales/Gamepad/Gameboy_Triangular_Emission.jpg
  artifactKey: Guid(cfb3ec161cc8e2244bc52018fbc0217b) Importer(815301076,1909f56bfc062723c751e8b465ee728b)
Start importing Assets/User Created/scenes/Props/Materiales/Gamepad/Gameboy_Triangular_Emission.jpg using Guid(cfb3ec161cc8e2244bc52018fbc0217b) Importer(815301076,1909f56bfc062723c751e8b465ee728b)  -> (artifact id: 'bd3b90228e86aa880af46c6ab9da46c7') in 0.021764 seconds 
  Import took 0.028792 seconds .

========================================================================
Received Import Request.
  Time since last request: 0.000246 seconds.
  path: Assets/User Created/scenes/Props/Materiales/Gamepad/Neo_Gameboy_Triangular_Emission.jpg
  artifactKey: Guid(ae8452eed8333144481cc80753a1a530) Importer(815301076,1909f56bfc062723c751e8b465ee728b)
Start importing Assets/User Created/scenes/Props/Materiales/Gamepad/Neo_Gameboy_Triangular_Emission.jpg using Guid(ae8452eed8333144481cc80753a1a530) Importer(815301076,1909f56bfc062723c751e8b465ee728b)  -> (artifact id: '09aa88cfd98b07f5aa407318b20392c5') in 0.020894 seconds 
  Import took 0.027694 seconds .

========================================================================
Received Import Request.
  Time since last request: 0.000229 seconds.
  path: Assets/User Created/scenes/Props/Materiales/Gamepad/Neo_Gameboy_Triangular_Roughness.jpg
  artifactKey: Guid(0ae3706f6b397004facf2203d577ab69) Importer(815301076,1909f56bfc062723c751e8b465ee728b)
Start importing Assets/User Created/scenes/Props/Materiales/Gamepad/Neo_Gameboy_Triangular_Roughness.jpg using Guid(0ae3706f6b397004facf2203d577ab69) Importer(815301076,1909f56bfc062723c751e8b465ee728b)  -> (artifact id: 'e64c1eed0b6bc4c75fb9937f85b69342') in 0.020192 seconds 
  Import took 0.026274 seconds .

========================================================================
Received Import Request.
  Time since last request: 0.000254 seconds.
  path: Assets/User Created/scenes/Props/Materiales/Gamepad/Neo_Gameboy_Triangular_Metallic.jpg
  artifactKey: Guid(c5c6d27b395294d478cac8e522b77f03) Importer(815301076,1909f56bfc062723c751e8b465ee728b)
Start importing Assets/User Created/scenes/Props/Materiales/Gamepad/Neo_Gameboy_Triangular_Metallic.jpg using Guid(c5c6d27b395294d478cac8e522b77f03) Importer(815301076,1909f56bfc062723c751e8b465ee728b)  -> (artifact id: '101dde6f2d8be1177b63564ae3ae2f9f') in 0.015941 seconds 
  Import took 0.021729 seconds .

========================================================================
Received Import Request.
  Time since last request: 0.000218 seconds.
  path: Assets/User Created/scenes/Props/Materiales/Gamepad/Neo_Gameboy_Triangular_Albedo.jpg
  artifactKey: Guid(d3b3605d36b0f38449255e1f1911ee3b) Importer(815301076,1909f56bfc062723c751e8b465ee728b)
Start importing Assets/User Created/scenes/Props/Materiales/Gamepad/Neo_Gameboy_Triangular_Albedo.jpg using Guid(d3b3605d36b0f38449255e1f1911ee3b) Importer(815301076,1909f56bfc062723c751e8b465ee728b)  -> (artifact id: '1d5c9de5bd5c93d6bf40e863a2b1ec32') in 0.027955 seconds 
  Import took 0.034112 seconds .

========================================================================
Received Import Request.
  Time since last request: 0.000217 seconds.
  path: Assets/User Created/scenes/Props/Materiales/Gamepad/Gameboy_Triangular_Roughness.jpg
  artifactKey: Guid(869321d3546b1fb44989390b82922592) Importer(815301076,1909f56bfc062723c751e8b465ee728b)
Start importing Assets/User Created/scenes/Props/Materiales/Gamepad/Gameboy_Triangular_Roughness.jpg using Guid(869321d3546b1fb44989390b82922592) Importer(815301076,1909f56bfc062723c751e8b465ee728b)  -> (artifact id: '75fe656f5b107403ff764df6c1b13c97') in 0.027971 seconds 
  Import took 0.034668 seconds .

========================================================================
Received Import Request.
  Time since last request: 169.794146 seconds.
  path: Assets/Karting/Prefabs/UI/GameMessageGeneric.prefab
  artifactKey: Guid(dbfc7742a2f49bf42a9a012e4ec4b773) Importer(815301076,1909f56bfc062723c751e8b465ee728b)
Start importing Assets/Karting/Prefabs/UI/GameMessageGeneric.prefab using Guid(dbfc7742a2f49bf42a9a012e4ec4b773) Importer(815301076,1909f56bfc062723c751e8b465ee728b)  -> (artifact id: '0f20f51588ca0eac7075db13c1794950') in 0.079544 seconds 
  Import took 0.085162 seconds .

========================================================================
Received Import Request.
  Time since last request: 78.924386 seconds.
  path: Assets/TextMesh Pro/Resources/TMP Settings.asset
  artifactKey: Guid(3f5b5dff67a942289a9defa416b206f3) Importer(815301076,1909f56bfc062723c751e8b465ee728b)
Start importing Assets/TextMesh Pro/Resources/TMP Settings.asset using Guid(3f5b5dff67a942289a9defa416b206f3) Importer(815301076,1909f56bfc062723c751e8b465ee728b)  -> (artifact id: 'e37c561951a272c1f6dd7dd3754ee6a8') in 0.035947 seconds 
  Import took 0.041630 seconds .

========================================================================
Received Import Request.
  Time since last request: 83.969928 seconds.
  path: Assets/User Created/scenes/Props/Materiales/New Material 1.mat
  artifactKey: Guid(acec4082a5bb87e4fb900455442af3be) Importer(815301076,1909f56bfc062723c751e8b465ee728b)
Start importing Assets/User Created/scenes/Props/Materiales/New Material 1.mat using Guid(acec4082a5bb87e4fb900455442af3be) Importer(815301076,1909f56bfc062723c751e8b465ee728b)  -> (artifact id: '97242440184e631279e22b39e23aa892') in 0.019730 seconds 
  Import took 0.025324 seconds .

========================================================================
Received Import Request.
  Time since last request: 449.691545 seconds.
  path: Assets/User Created/scenes/Props/Materiales/New Material 1.mat
  artifactKey: Guid(acec4082a5bb87e4fb900455442af3be) Importer(815301076,1909f56bfc062723c751e8b465ee728b)
Start importing Assets/User Created/scenes/Props/Materiales/New Material 1.mat using Guid(acec4082a5bb87e4fb900455442af3be) Importer(815301076,1909f56bfc062723c751e8b465ee728b)  -> (artifact id: '03174578a9dceee0ca75b85127d5f9a0') in 0.019231 seconds 
  Import took 0.025544 seconds .

========================================================================
Received Import Request.
  Time since last request: 0.000208 seconds.
  path: Assets/User Created/scenes/Props/Materiales/New Material.mat
  artifactKey: Guid(752e2331e6b4c4c4b8b43953cb323600) Importer(815301076,1909f56bfc062723c751e8b465ee728b)
Start importing Assets/User Created/scenes/Props/Materiales/New Material.mat using Guid(752e2331e6b4c4c4b8b43953cb323600) Importer(815301076,1909f56bfc062723c751e8b465ee728b)  -> (artifact id: '9db413ee8e5ab3f83d64881045beb44c') in 0.019367 seconds 
  Import took 0.024418 seconds .

========================================================================
Received Import Request.
  Time since last request: 112.562068 seconds.
  path: Assets/User Created/scenes/Props/Materiales/City
  artifactKey: Guid(2b2419f4d35769c4d8027eb70df4cc78) Importer(815301076,1909f56bfc062723c751e8b465ee728b)
Start importing Assets/User Created/scenes/Props/Materiales/City using Guid(2b2419f4d35769c4d8027eb70df4cc78) Importer(815301076,1909f56bfc062723c751e8b465ee728b)  -> (artifact id: '18cbb86702d2ec54da352e149473d264') in 0.004953 seconds 
  Import took 0.011272 seconds .

========================================================================
Received Import Request.
  Time since last request: 0.197798 seconds.
  path: Assets/User Created/scenes/Props/Materiales/City/City.png
  artifactKey: Guid(89d856b2f861b6f42b7aee582d29843a) Importer(815301076,1909f56bfc062723c751e8b465ee728b)
Start importing Assets/User Created/scenes/Props/Materiales/City/City.png using Guid(89d856b2f861b6f42b7aee582d29843a) Importer(815301076,1909f56bfc062723c751e8b465ee728b)  -> (artifact id: '5b993ffe9af119bac71f17ae79e58986') in 0.015406 seconds 
  Import took 0.022294 seconds .

========================================================================
Received Import Request.
  Time since last request: 0.000207 seconds.
  path: Assets/User Created/scenes/Props/Materiales/City/New Material.mat
  artifactKey: Guid(96ad92abaf0301b4ab4f64644ef7e6a8) Importer(815301076,1909f56bfc062723c751e8b465ee728b)
Start importing Assets/User Created/scenes/Props/Materiales/City/New Material.mat using Guid(96ad92abaf0301b4ab4f64644ef7e6a8) Importer(815301076,1909f56bfc062723c751e8b465ee728b)  -> (artifact id: '53f96b15cbfd3e950b255c1eaac42515') in 0.024567 seconds 
  Import took 0.029760 seconds .

========================================================================
Received Import Request.
  Time since last request: 126.398693 seconds.
  path: Assets/Karting/Art/Textures/Skybox/Skybox.mat
  artifactKey: Guid(c0ba19a463a5c1f40ab06919c0a120be) Importer(815301076,1909f56bfc062723c751e8b465ee728b)
Start importing Assets/Karting/Art/Textures/Skybox/Skybox.mat using Guid(c0ba19a463a5c1f40ab06919c0a120be) Importer(815301076,1909f56bfc062723c751e8b465ee728b)  -> (artifact id: '38335f43187ccbae7b0703a54831f5bd') in 0.065167 seconds 
  Import took 0.072389 seconds .

========================================================================
Received Import Request.
  Time since last request: 80.987015 seconds.
  path: Assets/User Created/scenes/Level 3.unity
  artifactKey: Guid(9cdbdf67f30596b4c948ac4ee53743ae) Importer(815301076,1909f56bfc062723c751e8b465ee728b)
Start importing Assets/User Created/scenes/Level 3.unity using Guid(9cdbdf67f30596b4c948ac4ee53743ae) Importer(815301076,1909f56bfc062723c751e8b465ee728b)  -> (artifact id: '198e0b68eab7cc0d6d8060c7918486e4') in 0.009338 seconds 
  Import took 0.015328 seconds .

========================================================================
Received Import Request.
  Time since last request: 0.005488 seconds.
  path: Assets/User Created/scenes/Level 3.unity
  artifactKey: Guid(9cdbdf67f30596b4c948ac4ee53743ae) Importer(815301076,1909f56bfc062723c751e8b465ee728b)
Start importing Assets/User Created/scenes/Level 3.unity using Guid(9cdbdf67f30596b4c948ac4ee53743ae) Importer(815301076,1909f56bfc062723c751e8b465ee728b)  -> (artifact id: '198e0b68eab7cc0d6d8060c7918486e4') in 0.004650 seconds 
  Import took 0.010056 seconds .

========================================================================
Received Prepare
Registering precompiled user dll's ...
Registered in 0.012132 seconds.
Begin MonoManager ReloadAssembly
Native extension for WindowsStandalone target not found
Refreshing native plugins compatible for Editor in 1.40 ms, found 3 plugins.
Preloading 0 native plugins for Editor in 0.00 ms.
Mono: successfully reloaded assembly
- Completed reload, in  1.812 seconds
Domain Reload Profiling:
	ReloadAssembly (1812ms)
		BeginReloadAssembly (180ms)
			ExecutionOrderSort (0ms)
			DisableScriptedObjects (8ms)
			BackupInstance (0ms)
			ReleaseScriptingObjects (0ms)
			CreateAndSetChildDomain (76ms)
		EndReloadAssembly (1540ms)
			LoadAssemblies (128ms)
			RebuildTransferFunctionScriptingTraits (0ms)
			SetupTypeCache (411ms)
			ReleaseScriptCaches (1ms)
			RebuildScriptCaches (55ms)
			SetupLoadedEditorAssemblies (796ms)
				LogAssemblyErrors (0ms)
				InitializePlatformSupportModulesInManaged (8ms)
				SetLoadedEditorAssemblies (1ms)
				RefreshPlugins (2ms)
				BeforeProcessingInitializeOnLoad (86ms)
				ProcessInitializeOnLoadAttributes (680ms)
				ProcessInitializeOnLoadMethodAttributes (7ms)
				AfterProcessingInitializeOnLoad (12ms)
				EditorAssembliesLoaded (1ms)
			ExecutionOrderSort2 (0ms)
			AwakeInstancesAfterBackupRestoration (12ms)
Platform modules already initialized, skipping
Refreshing native plugins compatible for Editor in 0.92 ms, found 3 plugins.
Preloading 0 native plugins for Editor in 0.00 ms.
Unloading 2690 Unused Serialized files (Serialized files now loaded: 0)
System memory in use before: 126.3 MB.
System memory in use after: 126.5 MB.

Unloading 29 unused Assets to reduce memory usage. Loaded Objects now: 3235.
Total: 7.665500 ms (FindLiveObjects: 0.804000 ms CreateObjectMapping: 0.377200 ms MarkObjects: 6.379400 ms  DeleteObjects: 0.102600 ms)

AssetImportParameters requested are different than current active one (requested -> active):
  custom:framework-win-MediaFoundation: 216162199b28c13a410421893ffa2e32 -> 
  custom:video-decoder-ogg-theora: a1e56fd34408186e4bbccfd4996cb3dc -> 
  custom:container-muxer-webm: aa71ff27fc2769a1b78a27578f13a17b -> 
  custom:container-demuxer-webm: 4f35f7cbe854078d1ac9338744f61a02 -> 
  custom:container-demuxer-ogg: 62fdf1f143b41e24485cea50d1cbac27 -> 
  custom:video-encoder-webm-vp8: eb34c28f22e8b96e1ab97ce403110664 -> 
  custom:video-decoder-webm-vp8: 9c59270c3fd7afecdb556c50c9e8de78 -> 
  custom:audio-decoder-ogg-vorbis: bf7c407c2cedff20999df2af8eb42d56 -> 
  custom:audio-encoder-webm-vorbis: bf7c407c2cedff20999df2af8eb42d56 -> 
========================================================================
Received Import Request.
  Time since last request: 561.311832 seconds.
  path: Assets/User Created/scenes/Level 1.unity
  artifactKey: Guid(92786e23da2af4a4f8803aaf44c47121) Importer(815301076,1909f56bfc062723c751e8b465ee728b)
Start importing Assets/User Created/scenes/Level 1.unity using Guid(92786e23da2af4a4f8803aaf44c47121) Importer(815301076,1909f56bfc062723c751e8b465ee728b)  -> (artifact id: '783e0d06838548dd151708e8d91960a7') in 0.020843 seconds 
  Import took 0.025875 seconds .

========================================================================
Received Import Request.
  Time since last request: 160.853781 seconds.
  path: Assets/Karting/Art/Textures/Skybox/Skybox.mat
  artifactKey: Guid(c0ba19a463a5c1f40ab06919c0a120be) Importer(815301076,1909f56bfc062723c751e8b465ee728b)
Start importing Assets/Karting/Art/Textures/Skybox/Skybox.mat using Guid(c0ba19a463a5c1f40ab06919c0a120be) Importer(815301076,1909f56bfc062723c751e8b465ee728b)  -> (artifact id: '043eccc2cde12fb5ca39cfb32cb8edf4') in 0.110314 seconds 
  Import took 0.119981 seconds .

AssetImportWorkerClient::OnTransportError - code=2 error=End of file
