Using pre-set license
Built from '2020.3/staging' branch; Version is '2020.3.16f1 (049d6eca3c44) revision 302446'; Using compiler version '192528614'; Build Type 'Release'
OS: 'Windows 10 Pro; OS build 19043.1288; Version 2009; 64bit' Language: 'es' Physical Memory: 8137 MB
BatchMode: 1, IsHumanControllingUs: 0, StartBugReporterOnCrash: 0, Is64bit: 1, IsPro: 0

 COMMAND LINE ARGUMENTS:
C:\Program Files\Unity\Hub\Editor\2020.3.16f1\Editor\Unity.exe
-adb2
-batchMode
-noUpm
-name
AssetImportWorker1
-projectPath
C:/Users/lucas/Documents/Facultad/Proyecto Interplanetary
-logFile
Logs/AssetImportWorker1.log
-srvPort
50576
Successfully changed project path to: C:/Users/lucas/Documents/Facultad/Proyecto Interplanetary
C:/Users/lucas/Documents/Facultad/Proyecto Interplanetary
Using Asset Import Pipeline V2.
Refreshing native plugins compatible for Editor in 95.88 ms, found 3 plugins.
Preloading 0 native plugins for Editor in 0.00 ms.
Initialize engine version: 2020.3.16f1 (049d6eca3c44)
[Subsystems] Discovering subsystems at path C:/Program Files/Unity/Hub/Editor/2020.3.16f1/Editor/Data/Resources/UnitySubsystems
[Subsystems] Discovering subsystems at path C:/Users/lucas/Documents/Facultad/Proyecto Interplanetary/Assets
GfxDevice: creating device client; threaded=0
Direct3D:
    Version:  Direct3D 11.0 [level 11.1]
    Renderer: NVIDIA GeForce GTX 1050 (ID=0x1c81)
    Vendor:   
    VRAM:     1977 MB
    Driver:   30.0.14.7111
Initialize mono
Mono path[0] = 'C:/Program Files/Unity/Hub/Editor/2020.3.16f1/Editor/Data/Managed'
Mono path[1] = 'C:/Program Files/Unity/Hub/Editor/2020.3.16f1/Editor/Data/MonoBleedingEdge/lib/mono/unityjit'
Mono config path = 'C:/Program Files/Unity/Hub/Editor/2020.3.16f1/Editor/Data/MonoBleedingEdge/etc'
Using monoOptions --debugger-agent=transport=dt_socket,embedding=1,server=y,suspend=n,address=127.0.0.1:56992
Begin MonoManager ReloadAssembly
Registering precompiled unity dll's ...
Register platform support module: C:/Program Files/Unity/Hub/Editor/2020.3.16f1/Editor/Data/PlaybackEngines/WindowsStandaloneSupport/UnityEditor.WindowsStandalone.Extensions.dll
Registered in 0.002579 seconds.
Native extension for WindowsStandalone target not found
Refreshing native plugins compatible for Editor in 82.18 ms, found 3 plugins.
Preloading 0 native plugins for Editor in 0.00 ms.
Mono: successfully reloaded assembly
- Completed reload, in  1.685 seconds
Domain Reload Profiling:
	ReloadAssembly (1686ms)
		BeginReloadAssembly (74ms)
			ExecutionOrderSort (0ms)
			DisableScriptedObjects (0ms)
			BackupInstance (0ms)
			ReleaseScriptingObjects (0ms)
			CreateAndSetChildDomain (1ms)
		EndReloadAssembly (647ms)
			LoadAssemblies (71ms)
			RebuildTransferFunctionScriptingTraits (0ms)
			SetupTypeCache (256ms)
			ReleaseScriptCaches (0ms)
			RebuildScriptCaches (39ms)
			SetupLoadedEditorAssemblies (250ms)
				LogAssemblyErrors (0ms)
				InitializePlatformSupportModulesInManaged (6ms)
				SetLoadedEditorAssemblies (0ms)
				RefreshPlugins (82ms)
				BeforeProcessingInitializeOnLoad (21ms)
				ProcessInitializeOnLoadAttributes (100ms)
				ProcessInitializeOnLoadMethodAttributes (39ms)
				AfterProcessingInitializeOnLoad (0ms)
				EditorAssembliesLoaded (0ms)
			ExecutionOrderSort2 (0ms)
			AwakeInstancesAfterBackupRestoration (0ms)
Platform modules already initialized, skipping
Registering precompiled user dll's ...
Registered in 0.011291 seconds.
Begin MonoManager ReloadAssembly
Native extension for WindowsStandalone target not found
Refreshing native plugins compatible for Editor in 78.62 ms, found 3 plugins.
Preloading 0 native plugins for Editor in 0.00 ms.
Mono: successfully reloaded assembly
- Completed reload, in  3.110 seconds
Domain Reload Profiling:
	ReloadAssembly (3111ms)
		BeginReloadAssembly (198ms)
			ExecutionOrderSort (0ms)
			DisableScriptedObjects (6ms)
			BackupInstance (0ms)
			ReleaseScriptingObjects (0ms)
			CreateAndSetChildDomain (24ms)
		EndReloadAssembly (2824ms)
			LoadAssemblies (140ms)
			RebuildTransferFunctionScriptingTraits (0ms)
			SetupTypeCache (735ms)
			ReleaseScriptCaches (1ms)
			RebuildScriptCaches (72ms)
			SetupLoadedEditorAssemblies (1707ms)
				LogAssemblyErrors (0ms)
				InitializePlatformSupportModulesInManaged (6ms)
				SetLoadedEditorAssemblies (0ms)
				RefreshPlugins (79ms)
				BeforeProcessingInitializeOnLoad (205ms)
				ProcessInitializeOnLoadAttributes (1401ms)
				ProcessInitializeOnLoadMethodAttributes (6ms)
				AfterProcessingInitializeOnLoad (10ms)
				EditorAssembliesLoaded (1ms)
			ExecutionOrderSort2 (0ms)
			AwakeInstancesAfterBackupRestoration (9ms)
Platform modules already initialized, skipping
========================================================================
Worker process is ready to serve import requests
Launched and connected shader compiler UnityShaderCompiler.exe after 0.21 seconds
Refreshing native plugins compatible for Editor in 0.84 ms, found 3 plugins.
Preloading 0 native plugins for Editor in 0.00 ms.
Unloading 2758 Unused Serialized files (Serialized files now loaded: 0)
System memory in use before: 126.9 MB.
System memory in use after: 127.1 MB.

Unloading 34 unused Assets to reduce memory usage. Loaded Objects now: 3185.
Total: 4.959200 ms (FindLiveObjects: 0.485900 ms CreateObjectMapping: 0.176000 ms MarkObjects: 4.120300 ms  DeleteObjects: 0.175800 ms)

AssetImportParameters requested are different than current active one (requested -> active):
  custom:framework-win-MediaFoundation: 216162199b28c13a410421893ffa2e32 -> 
  custom:video-decoder-ogg-theora: a1e56fd34408186e4bbccfd4996cb3dc -> 
  custom:container-muxer-webm: aa71ff27fc2769a1b78a27578f13a17b -> 
  custom:container-demuxer-webm: 4f35f7cbe854078d1ac9338744f61a02 -> 
  custom:container-demuxer-ogg: 62fdf1f143b41e24485cea50d1cbac27 -> 
  custom:video-encoder-webm-vp8: eb34c28f22e8b96e1ab97ce403110664 -> 
  custom:video-decoder-webm-vp8: 9c59270c3fd7afecdb556c50c9e8de78 -> 
  custom:audio-decoder-ogg-vorbis: bf7c407c2cedff20999df2af8eb42d56 -> 
  custom:audio-encoder-webm-vorbis: bf7c407c2cedff20999df2af8eb42d56 -> 
========================================================================
Received Import Request.
  path: Assets/Karting/Tutorials/Unity.Karting.Tutorials.asmdef
  artifactKey: Guid(85246831d3410134ab2bd1cd1523830c) Importer(815301076,1909f56bfc062723c751e8b465ee728b)
Start importing Assets/Karting/Tutorials/Unity.Karting.Tutorials.asmdef using Guid(85246831d3410134ab2bd1cd1523830c) Importer(815301076,1909f56bfc062723c751e8b465ee728b)  -> (artifact id: 'd2d2d317729ca41fa60a24281e107f5b') in 0.062420 seconds 
  Import took 0.079269 seconds .

========================================================================
Received Import Request.
  Time since last request: 0.000297 seconds.
  path: Assets/Karting/Tutorials/Tutorials.asset
  artifactKey: Guid(08f5116c6f71aa548a00fbd1f56fa92e) Importer(815301076,1909f56bfc062723c751e8b465ee728b)
Start importing Assets/Karting/Tutorials/Tutorials.asset using Guid(08f5116c6f71aa548a00fbd1f56fa92e) Importer(815301076,1909f56bfc062723c751e8b465ee728b)  -> (artifact id: 'ed1c5a43c0f38cd493916f6bddb49fec') in 0.638331 seconds 
  Import took 0.672156 seconds .

========================================================================
Received Import Request.
  Time since last request: 0.000224 seconds.
  path: Assets/Karting/Tutorials/Tutorial Project Settings.asset
  artifactKey: Guid(7e7ff6d40365f43b282454f6d57a0ead) Importer(815301076,1909f56bfc062723c751e8b465ee728b)
Start importing Assets/Karting/Tutorials/Tutorial Project Settings.asset using Guid(7e7ff6d40365f43b282454f6d57a0ead) Importer(815301076,1909f56bfc062723c751e8b465ee728b)  -> (artifact id: 'c38b61304f3412e8210266e1929cbe48') in 0.445930 seconds 
  Import took 0.464030 seconds .

========================================================================
Received Import Request.
  Time since last request: 0.000192 seconds.
  path: Assets/Karting/Tutorials/TutorialCallbacks.asset
  artifactKey: Guid(8624a904984c90d4b9b816ca2b211db1) Importer(815301076,1909f56bfc062723c751e8b465ee728b)
Start importing Assets/Karting/Tutorials/TutorialCallbacks.asset using Guid(8624a904984c90d4b9b816ca2b211db1) Importer(815301076,1909f56bfc062723c751e8b465ee728b)  -> (artifact id: 'a97e305ddb9ed418d4ff1c0c9b19e05e') in 0.037381 seconds 
  Import took 0.071716 seconds .

========================================================================
Received Import Request.
  Time since last request: 0.000181 seconds.
  path: Assets/User Created/MainSceneSettings.lighting
  artifactKey: Guid(01eea99aa8699f6439adafc5e048a674) Importer(815301076,1909f56bfc062723c751e8b465ee728b)
Start importing Assets/User Created/MainSceneSettings.lighting using Guid(01eea99aa8699f6439adafc5e048a674) Importer(815301076,1909f56bfc062723c751e8b465ee728b)  -> (artifact id: 'c1251c459008603d3d3850f4f4af0c9e') in 0.019869 seconds 
  Import took 0.028582 seconds .

========================================================================
Received Import Request.
  Time since last request: 0.000206 seconds.
  path: Assets/Karting/Tutorials/DialogHeader_Kart.png
  artifactKey: Guid(128afd373c6f34f43bd58b7bd0815ec9) Importer(815301076,1909f56bfc062723c751e8b465ee728b)
Start importing Assets/Karting/Tutorials/DialogHeader_Kart.png using Guid(128afd373c6f34f43bd58b7bd0815ec9) Importer(815301076,1909f56bfc062723c751e8b465ee728b)  -> (artifact id: '963abb6c48080233573eddbc8ff9dc41') in 0.396662 seconds 
  Import took 0.426662 seconds .

========================================================================
Received Import Request.
  Time since last request: 0.000367 seconds.
  path: Assets/User Created/IntroMenu.unity
  artifactKey: Guid(d29260d8d84c94bd7ac95807b3da99d4) Importer(815301076,1909f56bfc062723c751e8b465ee728b)
Start importing Assets/User Created/IntroMenu.unity using Guid(d29260d8d84c94bd7ac95807b3da99d4) Importer(815301076,1909f56bfc062723c751e8b465ee728b)  -> (artifact id: 'd875751d48ec3769927a48b7b9ff0b48') in 0.013544 seconds 
  Import took 0.023414 seconds .

========================================================================
Received Import Request.
  Time since last request: 0.000341 seconds.
  path: Assets/Karting/Tutorials/SuperchargeYourGame.png
  artifactKey: Guid(64234be53c8614d4d9b50bec3f9d516f) Importer(815301076,1909f56bfc062723c751e8b465ee728b)
Start importing Assets/Karting/Tutorials/SuperchargeYourGame.png using Guid(64234be53c8614d4d9b50bec3f9d516f) Importer(815301076,1909f56bfc062723c751e8b465ee728b)  -> (artifact id: '0615a0f511e2de4e4dbafb63eed449a5') in 0.042217 seconds 
  Import took 0.049996 seconds .

========================================================================
Received Import Request.
  Time since last request: 0.000312 seconds.
  path: Assets/Karting/Tutorials/WelcomeDialog.asset
  artifactKey: Guid(52f0f4a57417740ea92501a52d39a8ea) Importer(815301076,1909f56bfc062723c751e8b465ee728b)
Start importing Assets/Karting/Tutorials/WelcomeDialog.asset using Guid(52f0f4a57417740ea92501a52d39a8ea) Importer(815301076,1909f56bfc062723c751e8b465ee728b)  -> (artifact id: '36e39543b3117acae716ae8724b9e49a') in 0.011446 seconds 
  Import took 0.020683 seconds .

========================================================================
Received Import Request.
  Time since last request: 0.000597 seconds.
  path: Assets/Karting/Tutorials/TutorialHeader.png
  artifactKey: Guid(1c7aa536c503744ffafe54d893a5816b) Importer(815301076,1909f56bfc062723c751e8b465ee728b)
Start importing Assets/Karting/Tutorials/TutorialHeader.png using Guid(1c7aa536c503744ffafe54d893a5816b) Importer(815301076,1909f56bfc062723c751e8b465ee728b)  -> (artifact id: '08ece6b3734e388f19412c29ef8ef409') in 0.039301 seconds 
  Import took 0.047503 seconds .

========================================================================
Received Import Request.
  Time since last request: 0.000286 seconds.
  path: Assets/User Created/IntroMenuSettings.lighting
  artifactKey: Guid(70eca728758bb754b9f80a18e9e7f18a) Importer(815301076,1909f56bfc062723c751e8b465ee728b)
Start importing Assets/User Created/IntroMenuSettings.lighting using Guid(70eca728758bb754b9f80a18e9e7f18a) Importer(815301076,1909f56bfc062723c751e8b465ee728b)  -> (artifact id: 'fdc181ea890d55046bf85ab89d639332') in 0.011414 seconds 
  Import took 0.046291 seconds .

AssetImportWorkerClient::OnTransportError - code=2 error=End of file
